<?xml version="1.0" encoding="UTF-8"?>
<!-- Generated by org.testng.reporters.JUnitReportReporter -->
<testsuite hostname="DESKTOP-5MRMMFR" failures="0" tests="1" name="pom.DwsRegisterDriver" time="10.940" errors="0" timestamp="2024-07-18T05:42:30 IST" skipped="0">
  <testcase classname="pom.DwsRegisterDriver" name="testcase" time="10.940">
    <system-out>
      <![CDATA[Verification successfull]]>
    </system-out>
  </testcase> <!-- testcase -->
  <system-out>
    <![CDATA[Verification successfull]]>
  </system-out>
</testsuite> <!-- pom.DwsRegisterDriver -->
