<?xml version="1.0" encoding="UTF-8"?>
<!-- Generated by org.testng.reporters.JUnitReportReporter -->
<testsuite hostname="DESKTOP-5MRMMFR" failures="0" tests="1" name="pom.DigitalDownloadDriver" time="49.785" errors="0" timestamp="2024-07-17T10:11:27 IST" skipped="0">
  <testcase classname="pom.DigitalDownloadDriver" name="testcase" time="49.785"/>
</testsuite> <!-- pom.DigitalDownloadDriver -->
