<?xml version="1.0" encoding="UTF-8"?>
<!-- Generated by org.testng.reporters.JUnitReportReporter -->
<testsuite hostname="DESKTOP-5MRMMFR" failures="0" tests="1" name="pom.DwsLoginDriver" time="21.382" errors="0" timestamp="2024-07-16T23:55:13 IST" skipped="0">
  <testcase classname="pom.DwsLoginDriver" name="testcase" time="21.382"/>
</testsuite> <!-- pom.DwsLoginDriver -->
