<?xml version="1.0" encoding="UTF-8"?>
<!-- Generated by org.testng.reporters.JUnitReportReporter -->
<testsuite hostname="DESKTOP-5MRMMFR" failures="0" tests="1" name="pom.DwsLoginProp" time="11.676" errors="0" timestamp="2024-07-18T07:22:06 IST" skipped="0">
  <testcase classname="pom.DwsLoginProp" name="testcase" time="11.676">
    <system-out>
      <![CDATA[Verification is successful]]>
    </system-out>
  </testcase> <!-- testcase -->
  <system-out>
    <![CDATA[Verification is successful]]>
  </system-out>
</testsuite> <!-- pom.DwsLoginProp -->
