<?xml version="1.0" encoding="UTF-8"?>
<!-- Generated by org.testng.reporters.JUnitReportReporter -->
<testsuite hostname="DESKTOP-5MRMMFR" failures="0" tests="1" name="pom.Gift25" time="15.320" errors="0" timestamp="2024-07-19T07:31:25 IST" skipped="0">
  <testcase classname="pom.Gift25" name="testcase" time="15.320">
    <system-out>
      <![CDATA[testcase
Verification successfull
Product is added to shopping cart
onTestSuccess]]>
    </system-out>
  </testcase> <!-- testcase -->
  <system-out>
    <![CDATA[onStart
testcase
Verification successfull
Product is added to shopping cart
onTestSuccess]]>
  </system-out>
</testsuite> <!-- pom.Gift25 -->
