<?xml version="1.0" encoding="UTF-8"?>
<!-- Generated by org.testng.reporters.JUnitReportReporter -->
<testsuite hostname="DESKTOP-5MRMMFR" failures="0" tests="1" name="pom.DigitalDownloadDriver2" time="19.237" errors="0" timestamp="2024-07-19T21:52:48 IST" skipped="0">
  <testcase classname="pom.DigitalDownloadDriver2" name="testcase" time="19.237"/>
</testsuite> <!-- pom.DigitalDownloadDriver2 -->
