<?xml version="1.0" encoding="UTF-8"?>
<!-- Generated by org.testng.reporters.JUnitReportReporter -->
<testsuite hostname="DESKTOP-5MRMMFR" failures="0" tests="1" name="testngBike.Honda" time="24.951" errors="0" timestamp="2024-07-19T23:05:02 IST" skipped="0">
  <testcase classname="testngBike.Honda" name="campusShoe" time="24.951">
    <system-out>
      <![CDATA[campusShoe
onTestSuccess]]>
    </system-out>
  </testcase> <!-- campusShoe -->
  <system-out>
    <![CDATA[onStart
campusShoe
onTestSuccess
campusShoe
onTestSuccess
campusShoe
onTestSuccess
campusShoe
onTestSuccess
campusShoe
onTestSuccess
campusShoe
onTestSuccess
campusShoe
onTestSuccess
campusShoe
onTestSuccess]]>
  </system-out>
</testsuite> <!-- testngBike.Honda -->
