<?xml version="1.0" encoding="UTF-8"?>
<!-- Generated by org.testng.reporters.JUnitReportReporter -->
<testsuite hostname="DESKTOP-5MRMMFR" failures="0" tests="1" name="testngShoe.Reebok" time="13.717" errors="0" timestamp="2024-07-19T23:05:02 IST" skipped="0">
  <testcase classname="testngShoe.Reebok" name="campusShoe" time="13.717">
    <system-out>
      <![CDATA[campusShoe
onTestSuccess]]>
    </system-out>
  </testcase> <!-- campusShoe -->
  <system-out>
    <![CDATA[onStart
campusShoe
onTestSuccess
campusShoe
onTestSuccess
campusShoe
onTestSuccess
campusShoe
onTestSuccess
campusShoe
onTestSuccess
campusShoe
onTestSuccess
campusShoe
onTestSuccess
campusShoe
onTestSuccess]]>
  </system-out>
</testsuite> <!-- testngShoe.Reebok -->
