<?xml version="1.0" encoding="UTF-8"?>
<!-- Generated by org.testng.reporters.JUnitReportReporter -->
<testsuite hostname="DESKTOP-5MRMMFR" failures="0" tests="1" name="pom.GiftCardDriver" time="50.526" errors="0" timestamp="2024-07-19T07:22:39 IST" skipped="0">
  <testcase classname="pom.GiftCardDriver" name="testcase" time="50.526"/>
</testsuite> <!-- pom.GiftCardDriver -->
